1528922244809:help
1528922251766:help clear
1528922256808:quit
1528923835766:help
1528924060756:quit
1528924071201:help
1528924079853:help cd
1528924088704:quit
1528924148778:help
1528924155898:help cd
1528924177412:quit
1528925214880:cd --dir รง
1528925218540:cd --dir /home
1528925476363:quit
1528925486017:cd --dir o
1528926747636:quit
1528926759084:help
1528926764155:cd --dir
1528926769006:cd --dir g
1528926806996:quit
1528926817644:cd --dir d
1528927174174:quit
1528927379081:help
1528927381109:pwd
1528927385576:cd /home
1528927395520:cd --dir /home
1528927416623:quit
1528927428411:cd /home
1528927430126:pwd
1528927467008:quit
1528927574391:cd /home/jcruz
1528927576690:pwd
1528927620635:quit
1528927633350:cd /home/jcruz
1528927635186:pwd
1528927638171:exit
1528927854188:cd /home/jcruz
1528928077760:quit
1528928090169:cd /home/jcruz
1528928092728:quit
1528928122115:cd /home/jcruz
1528928139103:cd /home/jcruz/Documentos/workspace-sts-3.9.4.RELEASE/xtool-cli/
1528928144121:cd /home/jcruz/Documentos/workspace-sts-3.9.4.RELEASE/xtool-cli
1528928215596:quit
1528928225697:cd /home/jcruz/Documentos/workspace-sts-3.9.4.RELEASE/xtool-cli
1528928228722:cd /home/jcruz/Documentos/workspace-sts-3.9.4.RELEASE/xtool-cli/
1528928242649:pwd
1528928252676:cd ~
1528928257370:cd /home/jcruz/Documentos/workspace-sts-3.9.4.RELEASE/xtool-cli/
